[debug] [2024-10-08T00:23:06.707Z] ----------------------------------------------------------------------
[debug] [2024-10-08T00:23:06.709Z] Command:       /usr/local/Cellar/node/22.9.0_1/bin/node /usr/local/bin/firebase init
[debug] [2024-10-08T00:23:06.710Z] CLI Version:   13.20.2
[debug] [2024-10-08T00:23:06.710Z] Platform:      darwin
[debug] [2024-10-08T00:23:06.710Z] Node Version:  v22.9.0
[debug] [2024-10-08T00:23:06.710Z] Time:          Mon Oct 07 2024 20:23:06 GMT-0400 (Horário de Verão do Leste)
[debug] [2024-10-08T00:23:06.710Z] ----------------------------------------------------------------------
[debug] 
[debug] [2024-10-08T00:23:06.717Z] > command requires scopes: ["email","openid","https://www.googleapis.com/auth/cloudplatformprojects.readonly","https://www.googleapis.com/auth/firebase","https://www.googleapis.com/auth/cloud-platform"]
[debug] [2024-10-08T00:23:06.717Z] > authorizing via signed-in user (pavaosmart@gmail.com)
[info] 
     ######## #### ########  ######## ########     ###     ######  ########
     ##        ##  ##     ## ##       ##     ##  ##   ##  ##       ##
     ######    ##  ########  ######   ########  #########  ######  ######
     ##        ##  ##    ##  ##       ##     ## ##     ##       ## ##
     ##       #### ##     ## ######## ########  ##     ##  ######  ########

You're about to initialize a Firebase project in this directory:

  /Users/marciopavao/myshoptools

[info] 
=== Project Setup
[info] 
[info] First, let's associate this project directory with a Firebase project.
[info] You can create multiple project aliases by running firebase use --add, 
[info] but for now we'll just set up a default project.
[info] 
[debug] [2024-10-08T00:30:07.805Z] Checked if tokens are valid: false, expires at: 1728338214418
[debug] [2024-10-08T00:30:07.805Z] Checked if tokens are valid: false, expires at: 1728338214418
[debug] [2024-10-08T00:30:07.806Z] > refreshing access token with scopes: []
[debug] [2024-10-08T00:30:07.808Z] >>> [apiv2][query] POST https://www.googleapis.com/oauth2/v3/token [none]
[debug] [2024-10-08T00:30:07.808Z] >>> [apiv2][body] POST https://www.googleapis.com/oauth2/v3/token [omitted]
[debug] [2024-10-08T00:30:37.839Z] *** [apiv2] error from fetch(https://www.googleapis.com/oauth2/v3/token, {"headers":{},"method":"POST","body":{"_overheadLength":545,"_valueLength":212,"_valuesToMeasure":[],"writable":false,"readable":true,"dataSize":0,"maxDataSize":2097152,"pauseStreams":true,"_released":true,"_streams":[],"_currentStream":null,"_insideLoop":false,"_pendingNext":false,"_boundary":"--------------------------884643872984317875739761","_events":{},"_eventsCount":1}}): FetchError: request to https://www.googleapis.com/oauth2/v3/token failed, reason: getaddrinfo ENOTFOUND www.googleapis.com
[debug] [2024-10-08T00:30:37.839Z] Authentication Error: Your credentials are no longer valid. Please run firebase login --reauth

For CI servers and headless environments, generate a new token with firebase login:ci
[debug] [2024-10-08T00:30:42.846Z] Error: Timed out.
    at Timeout._onTimeout (/usr/local/lib/node_modules/firebase-tools/lib/utils.js:268:49)
    at listOnTimeout (node:internal/timers:594:17)
    at process.processTimers (node:internal/timers:529:7)
[error] 
[error] Error: An unexpected error has occurred.
